[debug] [2026-03-21T19:24:33.665Z] ----------------------------------------------------------------------
[debug] [2026-03-21T19:24:33.667Z] Command:       /opt/homebrew/Cellar/node/24.6.0/bin/node /opt/homebrew/bin/firebase deploy
[debug] [2026-03-21T19:24:33.667Z] CLI Version:   15.11.0
[debug] [2026-03-21T19:24:33.667Z] Platform:      darwin
[debug] [2026-03-21T19:24:33.667Z] Node Version:  v24.6.0
[debug] [2026-03-21T19:24:33.667Z] Time:          Sat Mar 21 2026 15:24:33 GMT-0400 (Eastern Daylight Time)
[debug] [2026-03-21T19:24:33.667Z] ----------------------------------------------------------------------
[debug] 
[debug] [2026-03-21T19:24:34.242Z] > command requires scopes: ["email","openid","https://www.googleapis.com/auth/cloudplatformprojects.readonly","https://www.googleapis.com/auth/firebase","https://www.googleapis.com/auth/cloud-platform"]
[debug] [2026-03-21T19:24:34.242Z] > authorizing via signed-in user (dangrunebaum@gmail.com)
[debug] [2026-03-21T19:24:34.242Z] [iam] checking project great-wave-everywhere for permissions ["cloudfunctions.functions.create","cloudfunctions.functions.delete","cloudfunctions.functions.get","cloudfunctions.functions.list","cloudfunctions.functions.update","cloudfunctions.operations.get","datastore.indexes.create","datastore.indexes.delete","datastore.indexes.list","datastore.indexes.update","firebase.projects.get"]
[debug] [2026-03-21T19:24:34.242Z] Checked if tokens are valid: true, expires at: 1774123308845
[debug] [2026-03-21T19:24:34.242Z] Checked if tokens are valid: true, expires at: 1774123308845
[debug] [2026-03-21T19:24:34.243Z] >>> [apiv2][query] POST https://cloudresourcemanager.googleapis.com/v1/projects/great-wave-everywhere:testIamPermissions [none]
[debug] [2026-03-21T19:24:34.243Z] >>> [apiv2][(partial)header] POST https://cloudresourcemanager.googleapis.com/v1/projects/great-wave-everywhere:testIamPermissions  x-goog-user-project=great-wave-everywhere
[debug] [2026-03-21T19:24:34.243Z] >>> [apiv2][body] POST https://cloudresourcemanager.googleapis.com/v1/projects/great-wave-everywhere:testIamPermissions {"permissions":["cloudfunctions.functions.create","cloudfunctions.functions.delete","cloudfunctions.functions.get","cloudfunctions.functions.list","cloudfunctions.functions.update","cloudfunctions.operations.get","datastore.indexes.create","datastore.indexes.delete","datastore.indexes.list","datastore.indexes.update","firebase.projects.get"]}
[debug] [2026-03-21T19:24:34.453Z] <<< [apiv2][status] POST https://cloudresourcemanager.googleapis.com/v1/projects/great-wave-everywhere:testIamPermissions 200
[debug] [2026-03-21T19:24:34.454Z] <<< [apiv2][body] POST https://cloudresourcemanager.googleapis.com/v1/projects/great-wave-everywhere:testIamPermissions {"permissions":["cloudfunctions.functions.create","cloudfunctions.functions.delete","cloudfunctions.functions.get","cloudfunctions.functions.list","cloudfunctions.functions.update","cloudfunctions.operations.get","datastore.indexes.create","datastore.indexes.delete","datastore.indexes.list","datastore.indexes.update","firebase.projects.get"]}
[debug] [2026-03-21T19:24:34.454Z] Checked if tokens are valid: true, expires at: 1774123308845
[debug] [2026-03-21T19:24:34.454Z] Checked if tokens are valid: true, expires at: 1774123308845
[debug] [2026-03-21T19:24:34.454Z] >>> [apiv2][query] POST https://iam.googleapis.com/v1/projects/great-wave-everywhere/serviceAccounts/great-wave-everywhere@appspot.gserviceaccount.com:testIamPermissions [none]
[debug] [2026-03-21T19:24:34.454Z] >>> [apiv2][body] POST https://iam.googleapis.com/v1/projects/great-wave-everywhere/serviceAccounts/great-wave-everywhere@appspot.gserviceaccount.com:testIamPermissions {"permissions":["iam.serviceAccounts.actAs"]}
[debug] [2026-03-21T19:24:34.689Z] <<< [apiv2][status] POST https://iam.googleapis.com/v1/projects/great-wave-everywhere/serviceAccounts/great-wave-everywhere@appspot.gserviceaccount.com:testIamPermissions 200
[debug] [2026-03-21T19:24:34.689Z] <<< [apiv2][body] POST https://iam.googleapis.com/v1/projects/great-wave-everywhere/serviceAccounts/great-wave-everywhere@appspot.gserviceaccount.com:testIamPermissions {"permissions":["iam.serviceAccounts.actAs"]}
[info] 
[info] === Deploying to 'great-wave-everywhere'...
[info] 
[info] i  deploying firestore, functions 
[info] i  firestore: ensuring required API firestore.googleapis.com is enabled... 
[info] i  firestore: ensuring required API firestore.googleapis.com is enabled... 
[debug] [2026-03-21T19:24:34.693Z] Checked if tokens are valid: true, expires at: 1774123308845
[debug] [2026-03-21T19:24:34.693Z] Checked if tokens are valid: true, expires at: 1774123308845
[debug] [2026-03-21T19:24:34.693Z] >>> [apiv2][query] GET https://firestore.googleapis.com/v1/projects/great-wave-everywhere/databases/(default) [none]
[debug] [2026-03-21T19:24:35.038Z] <<< [apiv2][status] GET https://firestore.googleapis.com/v1/projects/great-wave-everywhere/databases/(default) 200
[debug] [2026-03-21T19:24:35.039Z] <<< [apiv2][body] GET https://firestore.googleapis.com/v1/projects/great-wave-everywhere/databases/(default) {"name":"projects/great-wave-everywhere/databases/(default)","uid":"d559bcc9-9c08-4556-8e86-3eeaa4850be9","createTime":"2025-07-05T03:16:27.588809Z","updateTime":"2025-07-05T03:16:27.588809Z","locationId":"nam5","type":"FIRESTORE_NATIVE","concurrencyMode":"PESSIMISTIC","versionRetentionPeriod":"3600s","earliestVersionTime":"2026-03-21T18:24:35.018111Z","appEngineIntegrationMode":"DISABLED","keyPrefix":"s","pointInTimeRecoveryEnablement":"POINT_IN_TIME_RECOVERY_DISABLED","deleteProtectionState":"DELETE_PROTECTION_DISABLED","databaseEdition":"STANDARD","freeTier":true,"realtimeUpdatesMode":"REALTIME_UPDATES_MODE_ENABLED","etag":"IJ2P3IPcsZMDMNSW2vKm5pID"}
[info] i  cloud.firestore: checking firestore.rules for compilation errors... 
[debug] [2026-03-21T19:24:35.040Z] Checked if tokens are valid: true, expires at: 1774123308845
[debug] [2026-03-21T19:24:35.040Z] Checked if tokens are valid: true, expires at: 1774123308845
[debug] [2026-03-21T19:24:35.040Z] >>> [apiv2][query] POST https://firebaserules.googleapis.com/v1/projects/great-wave-everywhere:test [none]
[debug] [2026-03-21T19:24:35.040Z] >>> [apiv2][body] POST https://firebaserules.googleapis.com/v1/projects/great-wave-everywhere:test [omitted]
[debug] [2026-03-21T19:24:35.249Z] <<< [apiv2][status] POST https://firebaserules.googleapis.com/v1/projects/great-wave-everywhere:test 200
[debug] [2026-03-21T19:24:35.249Z] <<< [apiv2][body] POST https://firebaserules.googleapis.com/v1/projects/great-wave-everywhere:test {}
[info] ✔  cloud.firestore: rules file firestore.rules compiled successfully 
[debug] [2026-03-21T19:24:35.250Z] Checked if tokens are valid: true, expires at: 1774123308845
[debug] [2026-03-21T19:24:35.250Z] Checked if tokens are valid: true, expires at: 1774123308845
[debug] [2026-03-21T19:24:35.250Z] >>> [apiv2][query] GET https://cloudresourcemanager.googleapis.com/v1/projects/great-wave-everywhere [none]
[debug] [2026-03-21T19:24:35.332Z] <<< [apiv2][status] GET https://cloudresourcemanager.googleapis.com/v1/projects/great-wave-everywhere 200
[debug] [2026-03-21T19:24:35.332Z] <<< [apiv2][body] GET https://cloudresourcemanager.googleapis.com/v1/projects/great-wave-everywhere {"projectNumber":"636756607685","projectId":"great-wave-everywhere","lifecycleState":"ACTIVE","name":"great-wave-everywhere","labels":{"firebase":"enabled","firebase-core":"disabled"},"createTime":"2025-07-04T02:12:11.055985Z"}
[info] i  functions: preparing codebase default for deployment 
[info] i  functions: ensuring required API cloudfunctions.googleapis.com is enabled... 
[info] i  functions: ensuring required API cloudbuild.googleapis.com is enabled... 
[info] i  artifactregistry: ensuring required API artifactregistry.googleapis.com is enabled... 
[debug] [2026-03-21T19:24:35.334Z] Checked if tokens are valid: true, expires at: 1774123308845
[debug] [2026-03-21T19:24:35.334Z] Checked if tokens are valid: true, expires at: 1774123308845
[debug] [2026-03-21T19:24:35.334Z] >>> [apiv2][query] GET https://firebase.googleapis.com/v1beta1/projects/great-wave-everywhere/adminSdkConfig [none]
[debug] [2026-03-21T19:24:35.541Z] <<< [apiv2][status] GET https://firebase.googleapis.com/v1beta1/projects/great-wave-everywhere/adminSdkConfig 200
[debug] [2026-03-21T19:24:35.541Z] <<< [apiv2][body] GET https://firebase.googleapis.com/v1beta1/projects/great-wave-everywhere/adminSdkConfig {"projectId":"great-wave-everywhere","storageBucket":"great-wave-everywhere.firebasestorage.app"}
[debug] [2026-03-21T19:24:35.541Z] Checked if tokens are valid: true, expires at: 1774123308845
[debug] [2026-03-21T19:24:35.542Z] Checked if tokens are valid: true, expires at: 1774123308845
[debug] [2026-03-21T19:24:35.542Z] >>> [apiv2][query] GET https://runtimeconfig.googleapis.com/v1beta1/projects/great-wave-everywhere/configs [none]
[debug] [2026-03-21T19:24:35.815Z] <<< [apiv2][status] GET https://runtimeconfig.googleapis.com/v1beta1/projects/great-wave-everywhere/configs 200
[debug] [2026-03-21T19:24:35.815Z] <<< [apiv2][body] GET https://runtimeconfig.googleapis.com/v1beta1/projects/great-wave-everywhere/configs {}
[debug] [2026-03-21T19:24:35.816Z] Validating nodejs source
[warn] ⚠  functions: Runtime Node.js 20 will be deprecated on 2026-04-30 and will be decommissioned on 2026-10-30, after which you will not be able to deploy without upgrading. Consider upgrading now to avoid disruption. See https://cloud.google.com/functions/docs/runtime-support for full details on the lifecycle policy 
[warn] ⚠  functions: package.json indicates an outdated version of firebase-functions. Please upgrade using npm install --save firebase-functions@latest in your functions directory. 
[warn] ⚠  functions: Please note that there will be breaking changes when you upgrade. 
[debug] [2026-03-21T19:24:36.116Z] > [functions] package.json contents: {
  "name": "great-wave-functions",
  "description": "Firebase Cloud Functions for Great Wave Everywhere",
  "version": "1.0.0",
  "engines": {
    "node": "20"
  },
  "main": "index.js",
  "scripts": {
    "serve": "firebase emulators:start --only functions",
    "deploy": "firebase deploy --only functions",
    "logs": "firebase functions:log"
  },
  "dependencies": {
    "firebase-admin": "^12.0.0",
    "firebase-functions": "^5.0.0",
    "axios": "^1.10.0",
    "geoip-lite": "^1.4.7"
  },
  "devDependencies": {
    "firebase-functions-test": "^3.1.0"
  }
}
[debug] [2026-03-21T19:24:36.116Z] Building nodejs source
[info] i  functions: Loading and analyzing source code for codebase default to determine what to deploy 
[debug] [2026-03-21T19:24:36.117Z] Could not find functions.yaml. Must use http discovery
[debug] [2026-03-21T19:24:36.120Z] Found firebase-functions binary at '/Users/dangrunebaum/Desktop/PROJECTS/dangrunebaum.github.io/great-wave-everywhere/functions/node_modules/.bin/firebase-functions'
[info] Serving at port 8516

[debug] [2026-03-21T19:24:36.383Z] Got response from /__/functions.yaml {"endpoints":{"geolocate":{"platform":"gcfv1","availableMemoryMb":null,"timeoutSeconds":null,"minInstances":null,"maxInstances":null,"ingressSettings":null,"serviceAccountEmail":null,"vpc":null,"secretEnvironmentVariables":[],"httpsTrigger":{},"entryPoint":"geolocate"},"searchImagesMultilang":{"platform":"gcfv1","availableMemoryMb":512,"timeoutSeconds":60,"minInstances":null,"maxInstances":null,"ingressSettings":null,"serviceAccountEmail":null,"vpc":null,"secretEnvironmentVariables":[{"key":"GOOGLE_API_KEY"},{"key":"GOOGLE_CX"}],"httpsTrigger":{},"entryPoint":"searchImagesMultilang"},"getWords":{"platform":"gcfv1","availableMemoryMb":null,"timeoutSeconds":null,"minInstances":null,"maxInstances":null,"ingressSettings":null,"serviceAccountEmail":null,"vpc":null,"httpsTrigger":{},"entryPoint":"getWords"},"getTrendingWords":{"platform":"gcfv1","availableMemoryMb":null,"timeoutSeconds":null,"minInstances":null,"maxInstances":null,"ingressSettings":null,"serviceAccountEmail":null,"vpc":null,"httpsTrigger":{},"entryPoint":"getTrendingWords"},"updateWord":{"platform":"gcfv1","availableMemoryMb":null,"timeoutSeconds":null,"minInstances":null,"maxInstances":null,"ingressSettings":null,"serviceAccountEmail":null,"vpc":null,"httpsTrigger":{},"entryPoint":"updateWord"}},"specVersion":"v1alpha1","requiredAPIs":[],"extensions":{}}
[debug] [2026-03-21T19:25:04.884Z] ----------------------------------------------------------------------
[debug] [2026-03-21T19:25:04.885Z] Command:       /opt/homebrew/Cellar/node/24.6.0/bin/node /opt/homebrew/bin/firebase deploy --only functions --force
[debug] [2026-03-21T19:25:04.885Z] CLI Version:   15.11.0
[debug] [2026-03-21T19:25:04.886Z] Platform:      darwin
[debug] [2026-03-21T19:25:04.886Z] Node Version:  v24.6.0
[debug] [2026-03-21T19:25:04.886Z] Time:          Sat Mar 21 2026 15:25:04 GMT-0400 (Eastern Daylight Time)
[debug] [2026-03-21T19:25:04.886Z] ----------------------------------------------------------------------
[debug] 
[debug] [2026-03-21T19:25:05.165Z] > command requires scopes: ["email","openid","https://www.googleapis.com/auth/cloudplatformprojects.readonly","https://www.googleapis.com/auth/firebase","https://www.googleapis.com/auth/cloud-platform"]
[debug] [2026-03-21T19:25:05.165Z] > authorizing via signed-in user (dangrunebaum@gmail.com)
[debug] [2026-03-21T19:25:05.165Z] [iam] checking project great-wave-everywhere for permissions ["cloudfunctions.functions.create","cloudfunctions.functions.delete","cloudfunctions.functions.get","cloudfunctions.functions.list","cloudfunctions.functions.update","cloudfunctions.operations.get","firebase.projects.get"]
[debug] [2026-03-21T19:25:05.166Z] Checked if tokens are valid: true, expires at: 1774123308845
[debug] [2026-03-21T19:25:05.166Z] Checked if tokens are valid: true, expires at: 1774123308845
[debug] [2026-03-21T19:25:05.166Z] >>> [apiv2][query] POST https://cloudresourcemanager.googleapis.com/v1/projects/great-wave-everywhere:testIamPermissions [none]
[debug] [2026-03-21T19:25:05.166Z] >>> [apiv2][(partial)header] POST https://cloudresourcemanager.googleapis.com/v1/projects/great-wave-everywhere:testIamPermissions  x-goog-user-project=great-wave-everywhere
[debug] [2026-03-21T19:25:05.166Z] >>> [apiv2][body] POST https://cloudresourcemanager.googleapis.com/v1/projects/great-wave-everywhere:testIamPermissions {"permissions":["cloudfunctions.functions.create","cloudfunctions.functions.delete","cloudfunctions.functions.get","cloudfunctions.functions.list","cloudfunctions.functions.update","cloudfunctions.operations.get","firebase.projects.get"]}
[debug] [2026-03-21T19:25:05.373Z] <<< [apiv2][status] POST https://cloudresourcemanager.googleapis.com/v1/projects/great-wave-everywhere:testIamPermissions 200
[debug] [2026-03-21T19:25:05.374Z] <<< [apiv2][body] POST https://cloudresourcemanager.googleapis.com/v1/projects/great-wave-everywhere:testIamPermissions {"permissions":["cloudfunctions.functions.create","cloudfunctions.functions.delete","cloudfunctions.functions.get","cloudfunctions.functions.list","cloudfunctions.functions.update","cloudfunctions.operations.get","firebase.projects.get"]}
[debug] [2026-03-21T19:25:05.374Z] Checked if tokens are valid: true, expires at: 1774123308845
[debug] [2026-03-21T19:25:05.374Z] Checked if tokens are valid: true, expires at: 1774123308845
[debug] [2026-03-21T19:25:05.374Z] >>> [apiv2][query] POST https://iam.googleapis.com/v1/projects/great-wave-everywhere/serviceAccounts/great-wave-everywhere@appspot.gserviceaccount.com:testIamPermissions [none]
[debug] [2026-03-21T19:25:05.374Z] >>> [apiv2][body] POST https://iam.googleapis.com/v1/projects/great-wave-everywhere/serviceAccounts/great-wave-everywhere@appspot.gserviceaccount.com:testIamPermissions {"permissions":["iam.serviceAccounts.actAs"]}
[debug] [2026-03-21T19:25:05.531Z] <<< [apiv2][status] POST https://iam.googleapis.com/v1/projects/great-wave-everywhere/serviceAccounts/great-wave-everywhere@appspot.gserviceaccount.com:testIamPermissions 200
[debug] [2026-03-21T19:25:05.531Z] <<< [apiv2][body] POST https://iam.googleapis.com/v1/projects/great-wave-everywhere/serviceAccounts/great-wave-everywhere@appspot.gserviceaccount.com:testIamPermissions {"permissions":["iam.serviceAccounts.actAs"]}
[info] 
[info] === Deploying to 'great-wave-everywhere'...
[info] 
[info] i  deploying functions 
[debug] [2026-03-21T19:25:05.533Z] Checked if tokens are valid: true, expires at: 1774123308845
[debug] [2026-03-21T19:25:05.533Z] Checked if tokens are valid: true, expires at: 1774123308845
[debug] [2026-03-21T19:25:05.533Z] >>> [apiv2][query] GET https://cloudresourcemanager.googleapis.com/v1/projects/great-wave-everywhere [none]
[debug] [2026-03-21T19:25:05.632Z] <<< [apiv2][status] GET https://cloudresourcemanager.googleapis.com/v1/projects/great-wave-everywhere 200
[debug] [2026-03-21T19:25:05.632Z] <<< [apiv2][body] GET https://cloudresourcemanager.googleapis.com/v1/projects/great-wave-everywhere {"projectNumber":"636756607685","projectId":"great-wave-everywhere","lifecycleState":"ACTIVE","name":"great-wave-everywhere","labels":{"firebase":"enabled","firebase-core":"disabled"},"createTime":"2025-07-04T02:12:11.055985Z"}
[info] i  functions: preparing codebase default for deployment 
[info] i  functions: ensuring required API cloudfunctions.googleapis.com is enabled... 
[info] i  functions: ensuring required API cloudbuild.googleapis.com is enabled... 
[info] i  artifactregistry: ensuring required API artifactregistry.googleapis.com is enabled... 
[debug] [2026-03-21T19:25:05.634Z] Checked if tokens are valid: true, expires at: 1774123308845
[debug] [2026-03-21T19:25:05.634Z] Checked if tokens are valid: true, expires at: 1774123308845
[debug] [2026-03-21T19:25:05.634Z] >>> [apiv2][query] GET https://firebase.googleapis.com/v1beta1/projects/great-wave-everywhere/adminSdkConfig [none]
[debug] [2026-03-21T19:25:05.975Z] <<< [apiv2][status] GET https://firebase.googleapis.com/v1beta1/projects/great-wave-everywhere/adminSdkConfig 200
[debug] [2026-03-21T19:25:05.975Z] <<< [apiv2][body] GET https://firebase.googleapis.com/v1beta1/projects/great-wave-everywhere/adminSdkConfig {"projectId":"great-wave-everywhere","storageBucket":"great-wave-everywhere.firebasestorage.app"}
[debug] [2026-03-21T19:25:05.976Z] Checked if tokens are valid: true, expires at: 1774123308845
[debug] [2026-03-21T19:25:05.976Z] Checked if tokens are valid: true, expires at: 1774123308845
[debug] [2026-03-21T19:25:05.976Z] >>> [apiv2][query] GET https://runtimeconfig.googleapis.com/v1beta1/projects/great-wave-everywhere/configs [none]
[debug] [2026-03-21T19:25:06.067Z] <<< [apiv2][status] GET https://runtimeconfig.googleapis.com/v1beta1/projects/great-wave-everywhere/configs 200
[debug] [2026-03-21T19:25:06.067Z] <<< [apiv2][body] GET https://runtimeconfig.googleapis.com/v1beta1/projects/great-wave-everywhere/configs {}
[debug] [2026-03-21T19:25:06.069Z] Validating nodejs source
[warn] ⚠  functions: Runtime Node.js 20 will be deprecated on 2026-04-30 and will be decommissioned on 2026-10-30, after which you will not be able to deploy without upgrading. Consider upgrading now to avoid disruption. See https://cloud.google.com/functions/docs/runtime-support for full details on the lifecycle policy 
[warn] ⚠  functions: package.json indicates an outdated version of firebase-functions. Please upgrade using npm install --save firebase-functions@latest in your functions directory. 
[warn] ⚠  functions: Please note that there will be breaking changes when you upgrade. 
[debug] [2026-03-21T19:25:06.286Z] > [functions] package.json contents: {
  "name": "great-wave-functions",
  "description": "Firebase Cloud Functions for Great Wave Everywhere",
  "version": "1.0.0",
  "engines": {
    "node": "20"
  },
  "main": "index.js",
  "scripts": {
    "serve": "firebase emulators:start --only functions",
    "deploy": "firebase deploy --only functions",
    "logs": "firebase functions:log"
  },
  "dependencies": {
    "firebase-admin": "^12.0.0",
    "firebase-functions": "^5.0.0",
    "axios": "^1.10.0",
    "geoip-lite": "^1.4.7"
  },
  "devDependencies": {
    "firebase-functions-test": "^3.1.0"
  }
}
[debug] [2026-03-21T19:25:06.286Z] Building nodejs source
[info] i  functions: Loading and analyzing source code for codebase default to determine what to deploy 
[debug] [2026-03-21T19:25:06.286Z] Could not find functions.yaml. Must use http discovery
[debug] [2026-03-21T19:25:06.290Z] Found firebase-functions binary at '/Users/dangrunebaum/Desktop/PROJECTS/dangrunebaum.github.io/great-wave-everywhere/functions/node_modules/.bin/firebase-functions'
[info] Serving at port 8463

[debug] [2026-03-21T19:25:06.479Z] Got response from /__/functions.yaml {"endpoints":{"geolocate":{"platform":"gcfv1","availableMemoryMb":null,"timeoutSeconds":null,"minInstances":null,"maxInstances":null,"ingressSettings":null,"serviceAccountEmail":null,"vpc":null,"secretEnvironmentVariables":[],"httpsTrigger":{},"entryPoint":"geolocate"},"searchImagesMultilang":{"platform":"gcfv1","availableMemoryMb":512,"timeoutSeconds":60,"minInstances":null,"maxInstances":null,"ingressSettings":null,"serviceAccountEmail":null,"vpc":null,"secretEnvironmentVariables":[{"key":"GOOGLE_API_KEY"},{"key":"GOOGLE_CX"}],"httpsTrigger":{},"entryPoint":"searchImagesMultilang"},"getWords":{"platform":"gcfv1","availableMemoryMb":null,"timeoutSeconds":null,"minInstances":null,"maxInstances":null,"ingressSettings":null,"serviceAccountEmail":null,"vpc":null,"httpsTrigger":{},"entryPoint":"getWords"},"getTrendingWords":{"platform":"gcfv1","availableMemoryMb":null,"timeoutSeconds":null,"minInstances":null,"maxInstances":null,"ingressSettings":null,"serviceAccountEmail":null,"vpc":null,"httpsTrigger":{},"entryPoint":"getTrendingWords"},"updateWord":{"platform":"gcfv1","availableMemoryMb":null,"timeoutSeconds":null,"minInstances":null,"maxInstances":null,"ingressSettings":null,"serviceAccountEmail":null,"vpc":null,"httpsTrigger":{},"entryPoint":"updateWord"}},"specVersion":"v1alpha1","requiredAPIs":[],"extensions":{}}
[info] i  extensions: ensuring required API firebaseextensions.googleapis.com is enabled... 
[debug] [2026-03-21T19:25:10.494Z] > command requires scopes: ["email","openid","https://www.googleapis.com/auth/cloudplatformprojects.readonly","https://www.googleapis.com/auth/firebase","https://www.googleapis.com/auth/cloud-platform"]
[debug] [2026-03-21T19:25:10.494Z] > authorizing via signed-in user (dangrunebaum@gmail.com)
[debug] [2026-03-21T19:25:10.494Z] [iam] checking project great-wave-everywhere for permissions ["firebase.projects.get","firebaseextensions.instances.list"]
[debug] [2026-03-21T19:25:10.494Z] Checked if tokens are valid: true, expires at: 1774123308845
[debug] [2026-03-21T19:25:10.494Z] Checked if tokens are valid: true, expires at: 1774123308845
[debug] [2026-03-21T19:25:10.494Z] >>> [apiv2][query] POST https://cloudresourcemanager.googleapis.com/v1/projects/great-wave-everywhere:testIamPermissions [none]
[debug] [2026-03-21T19:25:10.495Z] >>> [apiv2][(partial)header] POST https://cloudresourcemanager.googleapis.com/v1/projects/great-wave-everywhere:testIamPermissions  x-goog-user-project=great-wave-everywhere
[debug] [2026-03-21T19:25:10.495Z] >>> [apiv2][body] POST https://cloudresourcemanager.googleapis.com/v1/projects/great-wave-everywhere:testIamPermissions {"permissions":["firebase.projects.get","firebaseextensions.instances.list"]}
[debug] [2026-03-21T19:25:10.556Z] <<< [apiv2][status] POST https://cloudresourcemanager.googleapis.com/v1/projects/great-wave-everywhere:testIamPermissions 200
[debug] [2026-03-21T19:25:10.556Z] <<< [apiv2][body] POST https://cloudresourcemanager.googleapis.com/v1/projects/great-wave-everywhere:testIamPermissions {"permissions":["firebase.projects.get","firebaseextensions.instances.list"]}
[debug] [2026-03-21T19:25:10.557Z] Checked if tokens are valid: true, expires at: 1774123308845
[debug] [2026-03-21T19:25:10.557Z] Checked if tokens are valid: true, expires at: 1774123308845
[debug] [2026-03-21T19:25:10.557Z] >>> [apiv2][query] GET https://firebaseextensions.googleapis.com/v1beta/projects/great-wave-everywhere/instances pageSize=100&pageToken=
[debug] [2026-03-21T19:25:10.860Z] <<< [apiv2][status] GET https://firebaseextensions.googleapis.com/v1beta/projects/great-wave-everywhere/instances 200
[debug] [2026-03-21T19:25:10.860Z] <<< [apiv2][body] GET https://firebaseextensions.googleapis.com/v1beta/projects/great-wave-everywhere/instances {}
[info] i  functions: preparing functions directory for uploading... 
[info] i  functions: packaged /Users/dangrunebaum/Desktop/PROJECTS/dangrunebaum.github.io/great-wave-everywhere/functions (71.54 KB) for uploading 
[debug] [2026-03-21T19:25:10.877Z] Checked if tokens are valid: true, expires at: 1774123308845
[debug] [2026-03-21T19:25:10.877Z] Checked if tokens are valid: true, expires at: 1774123308845
[debug] [2026-03-21T19:25:10.877Z] >>> [apiv2][query] GET https://cloudfunctions.googleapis.com/v1/projects/great-wave-everywhere/locations/-/functions [none]
[debug] [2026-03-21T19:25:11.358Z] <<< [apiv2][status] GET https://cloudfunctions.googleapis.com/v1/projects/great-wave-everywhere/locations/-/functions 200
[debug] [2026-03-21T19:25:11.359Z] <<< [apiv2][body] GET https://cloudfunctions.googleapis.com/v1/projects/great-wave-everywhere/locations/-/functions {"functions":[{"name":"projects/great-wave-everywhere/locations/us-central1/functions/getTrendingWords","httpsTrigger":{"url":"https://us-central1-great-wave-everywhere.cloudfunctions.net/getTrendingWords","securityLevel":"SECURE_ALWAYS"},"status":"ACTIVE","entryPoint":"getTrendingWords","timeout":"60s","availableMemoryMb":256,"serviceAccountEmail":"great-wave-everywhere@appspot.gserviceaccount.com","updateTime":"2026-03-21T15:23:26.883Z","versionId":"2","labels":{"firebase-functions-hash":"725c5a54e0f579dda74d6d7dd0bfcc38e3b2bd5f","deployment-tool":"cli-firebase"},"sourceUploadUrl":"https://storage.googleapis.com/uploads-709025335147.us-central1.cloudfunctions.appspot.com/8670ed11-b1d9-4804-90ae-214e74be51b6.zip","environmentVariables":{"FIREBASE_CONFIG":"{\"projectId\":\"great-wave-everywhere\",\"storageBucket\":\"great-wave-everywhere.firebasestorage.app\"}","GCLOUD_PROJECT":"great-wave-everywhere","EVENTARC_CLOUD_EVENT_SOURCE":"projects/great-wave-everywhere/locations/us-central1/functions/getTrendingWords"},"runtime":"nodejs20","ingressSettings":"ALLOW_ALL","buildId":"3d7e594e-b618-4733-a50f-bc59dd520a44","buildEnvironmentVariables":{"GOOGLE_NODE_RUN_SCRIPTS":""},"buildName":"projects/636756607685/locations/us-central1/builds/3d7e594e-b618-4733-a50f-bc59dd520a44","dockerRegistry":"ARTIFACT_REGISTRY","automaticUpdatePolicy":{},"buildServiceAccount":"projects/great-wave-everywhere/serviceAccounts/636756607685-compute@developer.gserviceaccount.com","satisfiesPzi":true},{"name":"projects/great-wave-everywhere/locations/us-central1/functions/updateWord","httpsTrigger":{"url":"https://us-central1-great-wave-everywhere.cloudfunctions.net/updateWord","securityLevel":"SECURE_ALWAYS"},"status":"ACTIVE","entryPoint":"updateWord","timeout":"60s","availableMemoryMb":256,"serviceAccountEmail":"great-wave-everywhere@appspot.gserviceaccount.com","updateTime":"2026-03-21T15:23:25.935Z","versionId":"2","labels":{"deployment-tool":"cli-firebase","firebase-functions-hash":"725c5a54e0f579dda74d6d7dd0bfcc38e3b2bd5f"},"sourceUploadUrl":"https://storage.googleapis.com/uploads-709025335147.us-central1.cloudfunctions.appspot.com/8670ed11-b1d9-4804-90ae-214e74be51b6.zip","environmentVariables":{"FIREBASE_CONFIG":"{\"projectId\":\"great-wave-everywhere\",\"storageBucket\":\"great-wave-everywhere.firebasestorage.app\"}","GCLOUD_PROJECT":"great-wave-everywhere","EVENTARC_CLOUD_EVENT_SOURCE":"projects/great-wave-everywhere/locations/us-central1/functions/updateWord"},"runtime":"nodejs20","ingressSettings":"ALLOW_ALL","buildId":"3d7e594e-b618-4733-a50f-bc59dd520a44","buildEnvironmentVariables":{"GOOGLE_NODE_RUN_SCRIPTS":""},"buildName":"projects/636756607685/locations/us-central1/builds/3d7e594e-b618-4733-a50f-bc59dd520a44","dockerRegistry":"ARTIFACT_REGISTRY","automaticUpdatePolicy":{},"buildServiceAccount":"projects/great-wave-everywhere/serviceAccounts/636756607685-compute@developer.gserviceaccount.com","satisfiesPzi":true},{"name":"projects/great-wave-everywhere/locations/us-central1/functions/searchImagesMultilang","httpsTrigger":{"url":"https://us-central1-great-wave-everywhere.cloudfunctions.net/searchImagesMultilang","securityLevel":"SECURE_ALWAYS"},"status":"ACTIVE","entryPoint":"searchImagesMultilang","timeout":"60s","availableMemoryMb":512,"serviceAccountEmail":"great-wave-everywhere@appspot.gserviceaccount.com","updateTime":"2026-03-21T19:22:09.495Z","versionId":"10","labels":{"deployment-tool":"cli-firebase","firebase-functions-hash":"bdfd732fcd4c354568fcd4ce3a605a8497d33b93"},"sourceUploadUrl":"https://storage.googleapis.com/uploads-709025335147.us-central1.cloudfunctions.appspot.com/090ebc24-c013-4962-9acf-64c7e71ed05c.zip","environmentVariables":{"FIREBASE_CONFIG":"{\"projectId\":\"great-wave-everywhere\",\"storageBucket\":\"great-wave-everywhere.firebasestorage.app\"}","GCLOUD_PROJECT":"great-wave-everywhere","EVENTARC_CLOUD_EVENT_SOURCE":"projects/great-wave-everywhere/locations/us-central1/functions/searchImagesMultilang"},"runtime":"nodejs20","ingressSettings":"ALLOW_ALL","buildId":"33f3f3d7-c881-4668-a0e9-a3c009b0862a","buildEnvironmentVariables":{"GOOGLE_NODE_RUN_SCRIPTS":""},"secretEnvironmentVariables":[{"key":"GOOGLE_API_KEY","projectId":"636756607685","secret":"GOOGLE_API_KEY","version":"1"},{"key":"GOOGLE_CX","projectId":"636756607685","secret":"GOOGLE_CX","version":"1"}],"buildName":"projects/636756607685/locations/us-central1/builds/33f3f3d7-c881-4668-a0e9-a3c009b0862a","dockerRegistry":"ARTIFACT_REGISTRY","automaticUpdatePolicy":{},"buildServiceAccount":"projects/great-wave-everywhere/serviceAccounts/636756607685-compute@developer.gserviceaccount.com","satisfiesPzi":true},{"name":"projects/great-wave-everywhere/locations/us-central1/functions/geolocate","httpsTrigger":{"url":"https://us-central1-great-wave-everywhere.cloudfunctions.net/geolocate","securityLevel":"SECURE_ALWAYS"},"status":"ACTIVE","entryPoint":"geolocate","timeout":"60s","availableMemoryMb":256,"serviceAccountEmail":"great-wave-everywhere@appspot.gserviceaccount.com","updateTime":"2026-03-21T19:22:37.592Z","versionId":"10","labels":{"deployment-tool":"cli-firebase","firebase-functions-hash":"21bc8a37b8200d519bc53951dd1afd5db67489a5"},"sourceUploadUrl":"https://storage.googleapis.com/uploads-709025335147.us-central1.cloudfunctions.appspot.com/090ebc24-c013-4962-9acf-64c7e71ed05c.zip","environmentVariables":{"FIREBASE_CONFIG":"{\"projectId\":\"great-wave-everywhere\",\"storageBucket\":\"great-wave-everywhere.firebasestorage.app\"}","GCLOUD_PROJECT":"great-wave-everywhere","EVENTARC_CLOUD_EVENT_SOURCE":"projects/great-wave-everywhere/locations/us-central1/functions/geolocate"},"runtime":"nodejs20","ingressSettings":"ALLOW_ALL","buildId":"5a8d7870-359d-4103-ab01-a7b5bd3065fa","buildEnvironmentVariables":{"GOOGLE_NODE_RUN_SCRIPTS":""},"buildName":"projects/636756607685/locations/us-central1/builds/5a8d7870-359d-4103-ab01-a7b5bd3065fa","dockerRegistry":"ARTIFACT_REGISTRY","automaticUpdatePolicy":{},"buildServiceAccount":"projects/great-wave-everywhere/serviceAccounts/636756607685-compute@developer.gserviceaccount.com","satisfiesPzi":true},{"name":"projects/great-wave-everywhere/locations/us-central1/functions/getWords","httpsTrigger":{"url":"https://us-central1-great-wave-everywhere.cloudfunctions.net/getWords","securityLevel":"SECURE_ALWAYS"},"status":"ACTIVE","entryPoint":"getWords","timeout":"60s","availableMemoryMb":256,"serviceAccountEmail":"great-wave-everywhere@appspot.gserviceaccount.com","updateTime":"2026-03-21T19:03:36.584Z","versionId":"2","labels":{"deployment-tool":"cli-firebase","firebase-functions-hash":"725c5a54e0f579dda74d6d7dd0bfcc38e3b2bd5f"},"sourceUploadUrl":"https://storage.googleapis.com/uploads-709025335147.us-central1.cloudfunctions.appspot.com/21116081-e0bf-449f-affe-a04276000f67.zip","environmentVariables":{"FIREBASE_CONFIG":"{\"projectId\":\"great-wave-everywhere\",\"storageBucket\":\"great-wave-everywhere.firebasestorage.app\"}","GCLOUD_PROJECT":"great-wave-everywhere","EVENTARC_CLOUD_EVENT_SOURCE":"projects/great-wave-everywhere/locations/us-central1/functions/getWords"},"runtime":"nodejs20","ingressSettings":"ALLOW_ALL","buildId":"e2a9f312-c4ae-4a76-9945-ed0b6fd40980","buildEnvironmentVariables":{"GOOGLE_NODE_RUN_SCRIPTS":""},"buildName":"projects/636756607685/locations/us-central1/builds/e2a9f312-c4ae-4a76-9945-ed0b6fd40980","dockerRegistry":"ARTIFACT_REGISTRY","automaticUpdatePolicy":{},"buildServiceAccount":"projects/great-wave-everywhere/serviceAccounts/636756607685-compute@developer.gserviceaccount.com","satisfiesPzi":true}]}
[debug] [2026-03-21T19:25:11.360Z] Checked if tokens are valid: true, expires at: 1774123308845
[debug] [2026-03-21T19:25:11.360Z] Checked if tokens are valid: true, expires at: 1774123308845
[debug] [2026-03-21T19:25:11.360Z] >>> [apiv2][query] GET https://cloudfunctions.googleapis.com/v2/projects/great-wave-everywhere/locations/-/functions filter=environment%3D%22GEN_2%22
[debug] [2026-03-21T19:25:11.828Z] <<< [apiv2][status] GET https://cloudfunctions.googleapis.com/v2/projects/great-wave-everywhere/locations/-/functions 200
[debug] [2026-03-21T19:25:11.828Z] <<< [apiv2][body] GET https://cloudfunctions.googleapis.com/v2/projects/great-wave-everywhere/locations/-/functions {}
[info] i  functions: ensuring required API secretmanager.googleapis.com is enabled... 
[debug] [2026-03-21T19:25:11.832Z] Checked if tokens are valid: true, expires at: 1774123308845
[debug] [2026-03-21T19:25:11.832Z] Checked if tokens are valid: true, expires at: 1774123308845
[debug] [2026-03-21T19:25:11.832Z] Checked if tokens are valid: true, expires at: 1774123308845
[debug] [2026-03-21T19:25:11.832Z] Checked if tokens are valid: true, expires at: 1774123308845
[debug] [2026-03-21T19:25:11.833Z] >>> [apiv2][query] GET https://secretmanager.googleapis.com/v1/projects/great-wave-everywhere/secrets/GOOGLE_API_KEY/versions/latest [none]
[debug] [2026-03-21T19:25:11.834Z] >>> [apiv2][query] GET https://secretmanager.googleapis.com/v1/projects/great-wave-everywhere/secrets/GOOGLE_CX/versions/latest [none]
[debug] [2026-03-21T19:25:11.958Z] <<< [apiv2][status] GET https://secretmanager.googleapis.com/v1/projects/great-wave-everywhere/secrets/GOOGLE_API_KEY/versions/latest 200
[debug] [2026-03-21T19:25:11.959Z] <<< [apiv2][body] GET https://secretmanager.googleapis.com/v1/projects/great-wave-everywhere/secrets/GOOGLE_API_KEY/versions/latest {"name":"projects/636756607685/secrets/GOOGLE_API_KEY/versions/1","createTime":"2026-03-21T14:49:11.476345Z","state":"ENABLED","replicationStatus":{"automatic":{}},"etag":"\"164d89e795cc79\""}
[debug] [2026-03-21T19:25:11.959Z] Resolved secret version of GOOGLE_API_KEY to 1.
[debug] [2026-03-21T19:25:11.989Z] <<< [apiv2][status] GET https://secretmanager.googleapis.com/v1/projects/great-wave-everywhere/secrets/GOOGLE_CX/versions/latest 200
[debug] [2026-03-21T19:25:11.989Z] <<< [apiv2][body] GET https://secretmanager.googleapis.com/v1/projects/great-wave-everywhere/secrets/GOOGLE_CX/versions/latest {"name":"projects/636756607685/secrets/GOOGLE_CX/versions/1","createTime":"2026-03-21T14:50:26.033372Z","state":"ENABLED","replicationStatus":{"automatic":{}},"etag":"\"164d89ec0772dc\""}
[debug] [2026-03-21T19:25:11.989Z] Resolved secret version of GOOGLE_CX to 1.
[debug] [2026-03-21T19:25:11.991Z] Checked if tokens are valid: true, expires at: 1774123308845
[debug] [2026-03-21T19:25:11.991Z] Checked if tokens are valid: true, expires at: 1774123308845
[debug] [2026-03-21T19:25:11.991Z] >>> [apiv2][query] GET https://cloudresourcemanager.googleapis.com/v1/projects/great-wave-everywhere [none]
[debug] [2026-03-21T19:25:12.075Z] <<< [apiv2][status] GET https://cloudresourcemanager.googleapis.com/v1/projects/great-wave-everywhere 200
[debug] [2026-03-21T19:25:12.075Z] <<< [apiv2][body] GET https://cloudresourcemanager.googleapis.com/v1/projects/great-wave-everywhere {"projectNumber":"636756607685","projectId":"great-wave-everywhere","lifecycleState":"ACTIVE","name":"great-wave-everywhere","labels":{"firebase":"enabled","firebase-core":"disabled"},"createTime":"2025-07-04T02:12:11.055985Z"}
[debug] [2026-03-21T19:25:12.077Z] Checked if tokens are valid: true, expires at: 1774123308845
[debug] [2026-03-21T19:25:12.077Z] Checked if tokens are valid: true, expires at: 1774123308845
[debug] [2026-03-21T19:25:12.077Z] >>> [apiv2][query] GET https://cloudbilling.googleapis.com/v1/projects/great-wave-everywhere/billingInfo [none]
[debug] [2026-03-21T19:25:12.392Z] <<< [apiv2][status] GET https://cloudbilling.googleapis.com/v1/projects/great-wave-everywhere/billingInfo 200
[debug] [2026-03-21T19:25:12.392Z] <<< [apiv2][body] GET https://cloudbilling.googleapis.com/v1/projects/great-wave-everywhere/billingInfo {"name":"projects/great-wave-everywhere/billingInfo","projectId":"great-wave-everywhere","billingAccountName":"billingAccounts/0144D9-EC2828-6CE9E6","billingEnabled":true}
[debug] [2026-03-21T19:25:12.394Z] Checked if tokens are valid: true, expires at: 1774123308845
[debug] [2026-03-21T19:25:12.394Z] Checked if tokens are valid: true, expires at: 1774123308845
[debug] [2026-03-21T19:25:12.395Z] >>> [apiv2][query] POST https://cloudfunctions.googleapis.com/v1/projects/great-wave-everywhere/locations/us-central1/functions:generateUploadUrl [none]
[debug] [2026-03-21T19:25:12.395Z] >>> [apiv2][body] POST https://cloudfunctions.googleapis.com/v1/projects/great-wave-everywhere/locations/us-central1/functions:generateUploadUrl {}
[debug] [2026-03-21T19:25:12.800Z] <<< [apiv2][status] POST https://cloudfunctions.googleapis.com/v1/projects/great-wave-everywhere/locations/us-central1/functions:generateUploadUrl 200
[debug] [2026-03-21T19:25:12.801Z] <<< [apiv2][body] POST https://cloudfunctions.googleapis.com/v1/projects/great-wave-everywhere/locations/us-central1/functions:generateUploadUrl {"uploadUrl":"https://storage.googleapis.com/uploads-709025335147.us-central1.cloudfunctions.appspot.com/3ef3c523-f1fc-476c-bab0-de265422084c.zip?GoogleAccessId=service-636756607685@gcf-admin-robot.iam.gserviceaccount.com&Expires=1774122912&Signature=D2JC2YoKdKlKpCzciAiOWMDLqaYyAUiPIvsWLoG%2F2k%2FtL0xTbAsKu9ghb4Et3DUWGVinVJ%2FhcT51FD0nKKtT%2F9PZD8EtHmPrDAjmogxAk3WyxdFFMr67JbWrANkN4IdXaRWiduF2WkcDsIDvXYHSmgE8Jjfvgs%2FLjk8El92re6L8wQ7KcUoKSXmxoNptM8ttJNwUndPOAPTPOcjPEhImuSav1mtpviGNA7SZukO13cBJG5ga6%2BdD%2FOXK0so0UsJKqfDmv9%2BZM5VaPHg1L2Dae%2FGOVeP%2BMXFkEG3gYRTE2354erUY6FHlEOk7%2FpkWnVUkT8PpUxu1Vti03pCb3KrVNA%3D%3D"}
[debug] [2026-03-21T19:25:12.802Z] >>> [apiv2][query] PUT https://storage.googleapis.com/uploads-709025335147.us-central1.cloudfunctions.appspot.com/3ef3c523-f1fc-476c-bab0-de265422084c.zip GoogleAccessId=service-636756607685%40gcf-admin-robot.iam.gserviceaccount.com&Expires=1774122912&Signature=D2JC2YoKdKlKpCzciAiOWMDLqaYyAUiPIvsWLoG%2F2k%2FtL0xTbAsKu9ghb4Et3DUWGVinVJ%2FhcT51FD0nKKtT%2F9PZD8EtHmPrDAjmogxAk3WyxdFFMr67JbWrANkN4IdXaRWiduF2WkcDsIDvXYHSmgE8Jjfvgs%2FLjk8El92re6L8wQ7KcUoKSXmxoNptM8ttJNwUndPOAPTPOcjPEhImuSav1mtpviGNA7SZukO13cBJG5ga6%2BdD%2FOXK0so0UsJKqfDmv9%2BZM5VaPHg1L2Dae%2FGOVeP%2BMXFkEG3gYRTE2354erUY6FHlEOk7%2FpkWnVUkT8PpUxu1Vti03pCb3KrVNA%3D%3D
[debug] [2026-03-21T19:25:12.802Z] >>> [apiv2][body] PUT https://storage.googleapis.com/uploads-709025335147.us-central1.cloudfunctions.appspot.com/3ef3c523-f1fc-476c-bab0-de265422084c.zip [stream]
[debug] [2026-03-21T19:25:13.026Z] <<< [apiv2][status] PUT https://storage.googleapis.com/uploads-709025335147.us-central1.cloudfunctions.appspot.com/3ef3c523-f1fc-476c-bab0-de265422084c.zip 200
[debug] [2026-03-21T19:25:13.027Z] <<< [apiv2][body] PUT https://storage.googleapis.com/uploads-709025335147.us-central1.cloudfunctions.appspot.com/3ef3c523-f1fc-476c-bab0-de265422084c.zip [omitted]
[info] ✔  functions: functions source uploaded successfully 
[info] i  functions: updating Node.js 20 (1st Gen) function geolocate(us-central1)... 
[info] i  functions: updating Node.js 20 (1st Gen) function getWords(us-central1)... 
[info] i  functions: updating Node.js 20 (1st Gen) function getTrendingWords(us-central1)... 
[info] i  functions: updating Node.js 20 (1st Gen) function updateWord(us-central1)... 
[info] i  functions: updating Node.js 20 (1st Gen) function searchImagesMultilang(us-central1)... 
[debug] [2026-03-21T19:25:13.033Z] Checked if tokens are valid: true, expires at: 1774123308845
[debug] [2026-03-21T19:25:13.033Z] Checked if tokens are valid: true, expires at: 1774123308845
[debug] [2026-03-21T19:25:13.033Z] Checked if tokens are valid: true, expires at: 1774123308845
[debug] [2026-03-21T19:25:13.033Z] Checked if tokens are valid: true, expires at: 1774123308845
[debug] [2026-03-21T19:25:13.033Z] >>> [apiv2][query] PATCH https://cloudfunctions.googleapis.com/v1/projects/great-wave-everywhere/locations/us-central1/functions/geolocate updateMask=name%2CsourceUploadUrl%2CentryPoint%2Cruntime%2CdockerRegistry%2Clabels%2ChttpsTrigger.securityLevel%2CminInstances%2CmaxInstances%2CingressSettings%2CenvironmentVariables%2CsecretEnvironmentVariables%2CserviceAccountEmail%2CavailableMemoryMb%2Ctimeout%2CvpcConnector%2CvpcConnectorEgressSettings%2CsourceToken%2CbuildEnvironmentVariables
[debug] [2026-03-21T19:25:13.033Z] >>> [apiv2][body] PATCH https://cloudfunctions.googleapis.com/v1/projects/great-wave-everywhere/locations/us-central1/functions/geolocate {"name":"projects/great-wave-everywhere/locations/us-central1/functions/geolocate","sourceUploadUrl":"https://storage.googleapis.com/uploads-709025335147.us-central1.cloudfunctions.appspot.com/3ef3c523-f1fc-476c-bab0-de265422084c.zip?GoogleAccessId=service-636756607685@gcf-admin-robot.iam.gserviceaccount.com&Expires=1774122912&Signature=D2JC2YoKdKlKpCzciAiOWMDLqaYyAUiPIvsWLoG%2F2k%2FtL0xTbAsKu9ghb4Et3DUWGVinVJ%2FhcT51FD0nKKtT%2F9PZD8EtHmPrDAjmogxAk3WyxdFFMr67JbWrANkN4IdXaRWiduF2WkcDsIDvXYHSmgE8Jjfvgs%2FLjk8El92re6L8wQ7KcUoKSXmxoNptM8ttJNwUndPOAPTPOcjPEhImuSav1mtpviGNA7SZukO13cBJG5ga6%2BdD%2FOXK0so0UsJKqfDmv9%2BZM5VaPHg1L2Dae%2FGOVeP%2BMXFkEG3gYRTE2354erUY6FHlEOk7%2FpkWnVUkT8PpUxu1Vti03pCb3KrVNA%3D%3D","entryPoint":"geolocate","runtime":"nodejs20","dockerRegistry":"ARTIFACT_REGISTRY","labels":{"deployment-tool":"cli-firebase","firebase-functions-hash":"3fdcd0b776e0ca9af66b51e1e1247eaa123bdf9b"},"httpsTrigger":{"securityLevel":"SECURE_ALWAYS"},"minInstances":null,"maxInstances":null,"ingressSettings":null,"environmentVariables":{"FIREBASE_CONFIG":"{\"projectId\":\"great-wave-everywhere\",\"storageBucket\":\"great-wave-everywhere.firebasestorage.app\"}","GCLOUD_PROJECT":"great-wave-everywhere","EVENTARC_CLOUD_EVENT_SOURCE":"projects/great-wave-everywhere/locations/us-central1/functions/geolocate"},"secretEnvironmentVariables":[],"serviceAccountEmail":null,"availableMemoryMb":null,"timeout":null,"vpcConnector":null,"vpcConnectorEgressSettings":null,"buildEnvironmentVariables":{"GOOGLE_NODE_RUN_SCRIPTS":""}}
[debug] [2026-03-21T19:25:13.034Z] >>> [apiv2][query] PATCH https://cloudfunctions.googleapis.com/v1/projects/great-wave-everywhere/locations/us-central1/functions/searchImagesMultilang updateMask=name%2CsourceUploadUrl%2CentryPoint%2Cruntime%2CdockerRegistry%2Clabels%2ChttpsTrigger.securityLevel%2CminInstances%2CmaxInstances%2CingressSettings%2CenvironmentVariables%2CsecretEnvironmentVariables%2CserviceAccountEmail%2CavailableMemoryMb%2Ctimeout%2CvpcConnector%2CvpcConnectorEgressSettings%2CsourceToken%2CbuildEnvironmentVariables
[debug] [2026-03-21T19:25:13.034Z] >>> [apiv2][body] PATCH https://cloudfunctions.googleapis.com/v1/projects/great-wave-everywhere/locations/us-central1/functions/searchImagesMultilang {"name":"projects/great-wave-everywhere/locations/us-central1/functions/searchImagesMultilang","sourceUploadUrl":"https://storage.googleapis.com/uploads-709025335147.us-central1.cloudfunctions.appspot.com/3ef3c523-f1fc-476c-bab0-de265422084c.zip?GoogleAccessId=service-636756607685@gcf-admin-robot.iam.gserviceaccount.com&Expires=1774122912&Signature=D2JC2YoKdKlKpCzciAiOWMDLqaYyAUiPIvsWLoG%2F2k%2FtL0xTbAsKu9ghb4Et3DUWGVinVJ%2FhcT51FD0nKKtT%2F9PZD8EtHmPrDAjmogxAk3WyxdFFMr67JbWrANkN4IdXaRWiduF2WkcDsIDvXYHSmgE8Jjfvgs%2FLjk8El92re6L8wQ7KcUoKSXmxoNptM8ttJNwUndPOAPTPOcjPEhImuSav1mtpviGNA7SZukO13cBJG5ga6%2BdD%2FOXK0so0UsJKqfDmv9%2BZM5VaPHg1L2Dae%2FGOVeP%2BMXFkEG3gYRTE2354erUY6FHlEOk7%2FpkWnVUkT8PpUxu1Vti03pCb3KrVNA%3D%3D","entryPoint":"searchImagesMultilang","runtime":"nodejs20","dockerRegistry":"ARTIFACT_REGISTRY","labels":{"deployment-tool":"cli-firebase","firebase-functions-hash":"4682851879e7edbf071f8c471449ce94f9c03505"},"httpsTrigger":{"securityLevel":"SECURE_ALWAYS"},"minInstances":null,"maxInstances":null,"ingressSettings":null,"environmentVariables":{"FIREBASE_CONFIG":"{\"projectId\":\"great-wave-everywhere\",\"storageBucket\":\"great-wave-everywhere.firebasestorage.app\"}","GCLOUD_PROJECT":"great-wave-everywhere","EVENTARC_CLOUD_EVENT_SOURCE":"projects/great-wave-everywhere/locations/us-central1/functions/searchImagesMultilang"},"secretEnvironmentVariables":[{"key":"GOOGLE_API_KEY","secret":"GOOGLE_API_KEY","projectId":"great-wave-everywhere","version":"1"},{"key":"GOOGLE_CX","secret":"GOOGLE_CX","projectId":"great-wave-everywhere","version":"1"}],"serviceAccountEmail":null,"availableMemoryMb":512,"timeout":"60s","vpcConnector":null,"vpcConnectorEgressSettings":null,"buildEnvironmentVariables":{"GOOGLE_NODE_RUN_SCRIPTS":""}}
[debug] [2026-03-21T19:25:13.388Z] <<< [apiv2][status] PATCH https://cloudfunctions.googleapis.com/v1/projects/great-wave-everywhere/locations/us-central1/functions/geolocate 200
[debug] [2026-03-21T19:25:13.389Z] <<< [apiv2][body] PATCH https://cloudfunctions.googleapis.com/v1/projects/great-wave-everywhere/locations/us-central1/functions/geolocate {"name":"operations/Z3JlYXQtd2F2ZS1ldmVyeXdoZXJlL3VzLWNlbnRyYWwxL2dlb2xvY2F0ZS85dVhqaXFmRVJXdw","metadata":{"@type":"type.googleapis.com/google.cloud.functions.v1.OperationMetadataV1","target":"projects/great-wave-everywhere/locations/us-central1/functions/geolocate","type":"UPDATE_FUNCTION","request":{"@type":"type.googleapis.com/google.cloud.functions.v1.CloudFunction","name":"projects/great-wave-everywhere/locations/us-central1/functions/geolocate","httpsTrigger":{"url":"https://us-central1-great-wave-everywhere.cloudfunctions.net/geolocate","securityLevel":"SECURE_ALWAYS"},"status":"ACTIVE","entryPoint":"geolocate","updateTime":"2026-03-21T19:22:37.592Z","versionId":"10","labels":{"deployment-tool":"cli-firebase","firebase-functions-hash":"3fdcd0b776e0ca9af66b51e1e1247eaa123bdf9b"},"sourceUploadUrl":"https://storage.googleapis.com/uploads-709025335147.us-central1.cloudfunctions.appspot.com/3ef3c523-f1fc-476c-bab0-de265422084c.zip?GoogleAccessId=service-636756607685@gcf-admin-robot.iam.gserviceaccount.com&Expires=1774122912&Signature=D2JC2YoKdKlKpCzciAiOWMDLqaYyAUiPIvsWLoG%2F2k%2FtL0xTbAsKu9ghb4Et3DUWGVinVJ%2FhcT51FD0nKKtT%2F9PZD8EtHmPrDAjmogxAk3WyxdFFMr67JbWrANkN4IdXaRWiduF2WkcDsIDvXYHSmgE8Jjfvgs%2FLjk8El92re6L8wQ7KcUoKSXmxoNptM8ttJNwUndPOAPTPOcjPEhImuSav1mtpviGNA7SZukO13cBJG5ga6%2BdD%2FOXK0so0UsJKqfDmv9%2BZM5VaPHg1L2Dae%2FGOVeP%2BMXFkEG3gYRTE2354erUY6FHlEOk7%2FpkWnVUkT8PpUxu1Vti03pCb3KrVNA%3D%3D","environmentVariables":{"FIREBASE_CONFIG":"{\"projectId\":\"great-wave-everywhere\",\"storageBucket\":\"great-wave-everywhere.firebasestorage.app\"}","GCLOUD_PROJECT":"great-wave-everywhere","EVENTARC_CLOUD_EVENT_SOURCE":"projects/great-wave-everywhere/locations/us-central1/functions/geolocate"},"runtime":"nodejs20","buildId":"5a8d7870-359d-4103-ab01-a7b5bd3065fa","buildEnvironmentVariables":{"GOOGLE_NODE_RUN_SCRIPTS":""},"buildName":"projects/636756607685/locations/us-central1/builds/5a8d7870-359d-4103-ab01-a7b5bd3065fa","dockerRegistry":"ARTIFACT_REGISTRY","automaticUpdatePolicy":{},"buildServiceAccount":"projects/great-wave-everywhere/serviceAccounts/636756607685-compute@developer.gserviceaccount.com"},"versionId":"11","updateTime":"2026-03-21T19:25:13Z"}}
[debug] [2026-03-21T19:25:13.390Z] Checked if tokens are valid: true, expires at: 1774123308845
[debug] [2026-03-21T19:25:13.390Z] Checked if tokens are valid: true, expires at: 1774123308845
[debug] [2026-03-21T19:25:13.390Z] >>> [apiv2][query] GET https://cloudfunctions.googleapis.com/v1/operations/Z3JlYXQtd2F2ZS1ldmVyeXdoZXJlL3VzLWNlbnRyYWwxL2dlb2xvY2F0ZS85dVhqaXFmRVJXdw [none]
[debug] [2026-03-21T19:25:13.443Z] <<< [apiv2][status] PATCH https://cloudfunctions.googleapis.com/v1/projects/great-wave-everywhere/locations/us-central1/functions/searchImagesMultilang 200
[debug] [2026-03-21T19:25:13.443Z] <<< [apiv2][body] PATCH https://cloudfunctions.googleapis.com/v1/projects/great-wave-everywhere/locations/us-central1/functions/searchImagesMultilang {"name":"operations/Z3JlYXQtd2F2ZS1ldmVyeXdoZXJlL3VzLWNlbnRyYWwxL3NlYXJjaEltYWdlc011bHRpbGFuZy9YQUJQVzV4Z0M3WQ","metadata":{"@type":"type.googleapis.com/google.cloud.functions.v1.OperationMetadataV1","target":"projects/great-wave-everywhere/locations/us-central1/functions/searchImagesMultilang","type":"UPDATE_FUNCTION","request":{"@type":"type.googleapis.com/google.cloud.functions.v1.CloudFunction","name":"projects/great-wave-everywhere/locations/us-central1/functions/searchImagesMultilang","httpsTrigger":{"url":"https://us-central1-great-wave-everywhere.cloudfunctions.net/searchImagesMultilang","securityLevel":"SECURE_ALWAYS"},"status":"ACTIVE","entryPoint":"searchImagesMultilang","timeout":"60s","availableMemoryMb":512,"updateTime":"2026-03-21T19:22:09.495Z","versionId":"10","labels":{"deployment-tool":"cli-firebase","firebase-functions-hash":"4682851879e7edbf071f8c471449ce94f9c03505"},"sourceUploadUrl":"https://storage.googleapis.com/uploads-709025335147.us-central1.cloudfunctions.appspot.com/3ef3c523-f1fc-476c-bab0-de265422084c.zip?GoogleAccessId=service-636756607685@gcf-admin-robot.iam.gserviceaccount.com&Expires=1774122912&Signature=D2JC2YoKdKlKpCzciAiOWMDLqaYyAUiPIvsWLoG%2F2k%2FtL0xTbAsKu9ghb4Et3DUWGVinVJ%2FhcT51FD0nKKtT%2F9PZD8EtHmPrDAjmogxAk3WyxdFFMr67JbWrANkN4IdXaRWiduF2WkcDsIDvXYHSmgE8Jjfvgs%2FLjk8El92re6L8wQ7KcUoKSXmxoNptM8ttJNwUndPOAPTPOcjPEhImuSav1mtpviGNA7SZukO13cBJG5ga6%2BdD%2FOXK0so0UsJKqfDmv9%2BZM5VaPHg1L2Dae%2FGOVeP%2BMXFkEG3gYRTE2354erUY6FHlEOk7%2FpkWnVUkT8PpUxu1Vti03pCb3KrVNA%3D%3D","environmentVariables":{"FIREBASE_CONFIG":"{\"projectId\":\"great-wave-everywhere\",\"storageBucket\":\"great-wave-everywhere.firebasestorage.app\"}","GCLOUD_PROJECT":"great-wave-everywhere","EVENTARC_CLOUD_EVENT_SOURCE":"projects/great-wave-everywhere/locations/us-central1/functions/searchImagesMultilang"},"runtime":"nodejs20","buildId":"33f3f3d7-c881-4668-a0e9-a3c009b0862a","buildEnvironmentVariables":{"GOOGLE_NODE_RUN_SCRIPTS":""},"secretEnvironmentVariables":[{"key":"GOOGLE_API_KEY","projectId":"great-wave-everywhere","secret":"GOOGLE_API_KEY","version":"1"},{"key":"GOOGLE_CX","projectId":"great-wave-everywhere","secret":"GOOGLE_CX","version":"1"}],"buildName":"projects/636756607685/locations/us-central1/builds/33f3f3d7-c881-4668-a0e9-a3c009b0862a","dockerRegistry":"ARTIFACT_REGISTRY","automaticUpdatePolicy":{},"buildServiceAccount":"projects/great-wave-everywhere/serviceAccounts/636756607685-compute@developer.gserviceaccount.com"},"versionId":"11","updateTime":"2026-03-21T19:25:13Z"}}
[debug] [2026-03-21T19:25:13.444Z] Checked if tokens are valid: true, expires at: 1774123308845
[debug] [2026-03-21T19:25:13.444Z] Checked if tokens are valid: true, expires at: 1774123308845
[debug] [2026-03-21T19:25:13.444Z] >>> [apiv2][query] GET https://cloudfunctions.googleapis.com/v1/operations/Z3JlYXQtd2F2ZS1ldmVyeXdoZXJlL3VzLWNlbnRyYWwxL3NlYXJjaEltYWdlc011bHRpbGFuZy9YQUJQVzV4Z0M3WQ [none]
[debug] [2026-03-21T19:25:13.514Z] <<< [apiv2][status] GET https://cloudfunctions.googleapis.com/v1/operations/Z3JlYXQtd2F2ZS1ldmVyeXdoZXJlL3VzLWNlbnRyYWwxL2dlb2xvY2F0ZS85dVhqaXFmRVJXdw 200
[debug] [2026-03-21T19:25:13.514Z] <<< [apiv2][body] GET https://cloudfunctions.googleapis.com/v1/operations/Z3JlYXQtd2F2ZS1ldmVyeXdoZXJlL3VzLWNlbnRyYWwxL2dlb2xvY2F0ZS85dVhqaXFmRVJXdw {"name":"operations/Z3JlYXQtd2F2ZS1ldmVyeXdoZXJlL3VzLWNlbnRyYWwxL2dlb2xvY2F0ZS85dVhqaXFmRVJXdw","metadata":{"@type":"type.googleapis.com/google.cloud.functions.v1.OperationMetadataV1","target":"projects/great-wave-everywhere/locations/us-central1/functions/geolocate","type":"UPDATE_FUNCTION","request":{"@type":"type.googleapis.com/google.cloud.functions.v1.CloudFunction","name":"projects/great-wave-everywhere/locations/us-central1/functions/geolocate","httpsTrigger":{"url":"https://us-central1-great-wave-everywhere.cloudfunctions.net/geolocate","securityLevel":"SECURE_ALWAYS"},"status":"ACTIVE","entryPoint":"geolocate","updateTime":"2026-03-21T19:22:37.592Z","versionId":"10","labels":{"deployment-tool":"cli-firebase","firebase-functions-hash":"3fdcd0b776e0ca9af66b51e1e1247eaa123bdf9b"},"sourceUploadUrl":"https://storage.googleapis.com/uploads-709025335147.us-central1.cloudfunctions.appspot.com/3ef3c523-f1fc-476c-bab0-de265422084c.zip?GoogleAccessId=service-636756607685@gcf-admin-robot.iam.gserviceaccount.com&Expires=1774122912&Signature=D2JC2YoKdKlKpCzciAiOWMDLqaYyAUiPIvsWLoG%2F2k%2FtL0xTbAsKu9ghb4Et3DUWGVinVJ%2FhcT51FD0nKKtT%2F9PZD8EtHmPrDAjmogxAk3WyxdFFMr67JbWrANkN4IdXaRWiduF2WkcDsIDvXYHSmgE8Jjfvgs%2FLjk8El92re6L8wQ7KcUoKSXmxoNptM8ttJNwUndPOAPTPOcjPEhImuSav1mtpviGNA7SZukO13cBJG5ga6%2BdD%2FOXK0so0UsJKqfDmv9%2BZM5VaPHg1L2Dae%2FGOVeP%2BMXFkEG3gYRTE2354erUY6FHlEOk7%2FpkWnVUkT8PpUxu1Vti03pCb3KrVNA%3D%3D","environmentVariables":{"FIREBASE_CONFIG":"{\"projectId\":\"great-wave-everywhere\",\"storageBucket\":\"great-wave-everywhere.firebasestorage.app\"}","GCLOUD_PROJECT":"great-wave-everywhere","EVENTARC_CLOUD_EVENT_SOURCE":"projects/great-wave-everywhere/locations/us-central1/functions/geolocate"},"runtime":"nodejs20","buildId":"5a8d7870-359d-4103-ab01-a7b5bd3065fa","buildEnvironmentVariables":{"GOOGLE_NODE_RUN_SCRIPTS":""},"buildName":"projects/636756607685/locations/us-central1/builds/5a8d7870-359d-4103-ab01-a7b5bd3065fa","dockerRegistry":"ARTIFACT_REGISTRY","automaticUpdatePolicy":{},"buildServiceAccount":"projects/great-wave-everywhere/serviceAccounts/636756607685-compute@developer.gserviceaccount.com"},"versionId":"11","updateTime":"2026-03-21T19:25:13Z"}}
[debug] [2026-03-21T19:25:13.628Z] <<< [apiv2][status] GET https://cloudfunctions.googleapis.com/v1/operations/Z3JlYXQtd2F2ZS1ldmVyeXdoZXJlL3VzLWNlbnRyYWwxL3NlYXJjaEltYWdlc011bHRpbGFuZy9YQUJQVzV4Z0M3WQ 200
[debug] [2026-03-21T19:25:13.629Z] <<< [apiv2][body] GET https://cloudfunctions.googleapis.com/v1/operations/Z3JlYXQtd2F2ZS1ldmVyeXdoZXJlL3VzLWNlbnRyYWwxL3NlYXJjaEltYWdlc011bHRpbGFuZy9YQUJQVzV4Z0M3WQ {"name":"operations/Z3JlYXQtd2F2ZS1ldmVyeXdoZXJlL3VzLWNlbnRyYWwxL3NlYXJjaEltYWdlc011bHRpbGFuZy9YQUJQVzV4Z0M3WQ","metadata":{"@type":"type.googleapis.com/google.cloud.functions.v1.OperationMetadataV1","target":"projects/great-wave-everywhere/locations/us-central1/functions/searchImagesMultilang","type":"UPDATE_FUNCTION","request":{"@type":"type.googleapis.com/google.cloud.functions.v1.CloudFunction","name":"projects/great-wave-everywhere/locations/us-central1/functions/searchImagesMultilang","httpsTrigger":{"url":"https://us-central1-great-wave-everywhere.cloudfunctions.net/searchImagesMultilang","securityLevel":"SECURE_ALWAYS"},"status":"ACTIVE","entryPoint":"searchImagesMultilang","timeout":"60s","availableMemoryMb":512,"updateTime":"2026-03-21T19:22:09.495Z","versionId":"10","labels":{"deployment-tool":"cli-firebase","firebase-functions-hash":"4682851879e7edbf071f8c471449ce94f9c03505"},"sourceUploadUrl":"https://storage.googleapis.com/uploads-709025335147.us-central1.cloudfunctions.appspot.com/3ef3c523-f1fc-476c-bab0-de265422084c.zip?GoogleAccessId=service-636756607685@gcf-admin-robot.iam.gserviceaccount.com&Expires=1774122912&Signature=D2JC2YoKdKlKpCzciAiOWMDLqaYyAUiPIvsWLoG%2F2k%2FtL0xTbAsKu9ghb4Et3DUWGVinVJ%2FhcT51FD0nKKtT%2F9PZD8EtHmPrDAjmogxAk3WyxdFFMr67JbWrANkN4IdXaRWiduF2WkcDsIDvXYHSmgE8Jjfvgs%2FLjk8El92re6L8wQ7KcUoKSXmxoNptM8ttJNwUndPOAPTPOcjPEhImuSav1mtpviGNA7SZukO13cBJG5ga6%2BdD%2FOXK0so0UsJKqfDmv9%2BZM5VaPHg1L2Dae%2FGOVeP%2BMXFkEG3gYRTE2354erUY6FHlEOk7%2FpkWnVUkT8PpUxu1Vti03pCb3KrVNA%3D%3D","environmentVariables":{"FIREBASE_CONFIG":"{\"projectId\":\"great-wave-everywhere\",\"storageBucket\":\"great-wave-everywhere.firebasestorage.app\"}","GCLOUD_PROJECT":"great-wave-everywhere","EVENTARC_CLOUD_EVENT_SOURCE":"projects/great-wave-everywhere/locations/us-central1/functions/searchImagesMultilang"},"runtime":"nodejs20","buildId":"33f3f3d7-c881-4668-a0e9-a3c009b0862a","buildEnvironmentVariables":{"GOOGLE_NODE_RUN_SCRIPTS":""},"secretEnvironmentVariables":[{"key":"GOOGLE_API_KEY","projectId":"great-wave-everywhere","secret":"GOOGLE_API_KEY","version":"1"},{"key":"GOOGLE_CX","projectId":"great-wave-everywhere","secret":"GOOGLE_CX","version":"1"}],"buildName":"projects/636756607685/locations/us-central1/builds/33f3f3d7-c881-4668-a0e9-a3c009b0862a","dockerRegistry":"ARTIFACT_REGISTRY","automaticUpdatePolicy":{},"buildServiceAccount":"projects/great-wave-everywhere/serviceAccounts/636756607685-compute@developer.gserviceaccount.com"},"versionId":"11","updateTime":"2026-03-21T19:25:13Z"}}
[debug] [2026-03-21T19:25:14.016Z] [update-default-us-central1-geolocate] Retrying task index 0
[debug] [2026-03-21T19:25:14.016Z] Checked if tokens are valid: true, expires at: 1774123308845
[debug] [2026-03-21T19:25:14.016Z] Checked if tokens are valid: true, expires at: 1774123308845
[debug] [2026-03-21T19:25:14.016Z] >>> [apiv2][query] GET https://cloudfunctions.googleapis.com/v1/operations/Z3JlYXQtd2F2ZS1ldmVyeXdoZXJlL3VzLWNlbnRyYWwxL2dlb2xvY2F0ZS85dVhqaXFmRVJXdw [none]
[debug] [2026-03-21T19:25:14.129Z] [update-default-us-central1-searchImagesMultilang] Retrying task index 0
[debug] [2026-03-21T19:25:14.130Z] Checked if tokens are valid: true, expires at: 1774123308845
[debug] [2026-03-21T19:25:14.130Z] Checked if tokens are valid: true, expires at: 1774123308845
[debug] [2026-03-21T19:25:14.130Z] >>> [apiv2][query] GET https://cloudfunctions.googleapis.com/v1/operations/Z3JlYXQtd2F2ZS1ldmVyeXdoZXJlL3VzLWNlbnRyYWwxL3NlYXJjaEltYWdlc011bHRpbGFuZy9YQUJQVzV4Z0M3WQ [none]
[debug] [2026-03-21T19:25:14.205Z] <<< [apiv2][status] GET https://cloudfunctions.googleapis.com/v1/operations/Z3JlYXQtd2F2ZS1ldmVyeXdoZXJlL3VzLWNlbnRyYWwxL2dlb2xvY2F0ZS85dVhqaXFmRVJXdw 200
[debug] [2026-03-21T19:25:14.205Z] <<< [apiv2][body] GET https://cloudfunctions.googleapis.com/v1/operations/Z3JlYXQtd2F2ZS1ldmVyeXdoZXJlL3VzLWNlbnRyYWwxL2dlb2xvY2F0ZS85dVhqaXFmRVJXdw {"name":"operations/Z3JlYXQtd2F2ZS1ldmVyeXdoZXJlL3VzLWNlbnRyYWwxL2dlb2xvY2F0ZS85dVhqaXFmRVJXdw","metadata":{"@type":"type.googleapis.com/google.cloud.functions.v1.OperationMetadataV1","target":"projects/great-wave-everywhere/locations/us-central1/functions/geolocate","type":"UPDATE_FUNCTION","request":{"@type":"type.googleapis.com/google.cloud.functions.v1.CloudFunction","name":"projects/great-wave-everywhere/locations/us-central1/functions/geolocate","httpsTrigger":{"url":"https://us-central1-great-wave-everywhere.cloudfunctions.net/geolocate","securityLevel":"SECURE_ALWAYS"},"status":"ACTIVE","entryPoint":"geolocate","updateTime":"2026-03-21T19:22:37.592Z","versionId":"10","labels":{"deployment-tool":"cli-firebase","firebase-functions-hash":"3fdcd0b776e0ca9af66b51e1e1247eaa123bdf9b"},"sourceUploadUrl":"https://storage.googleapis.com/uploads-709025335147.us-central1.cloudfunctions.appspot.com/3ef3c523-f1fc-476c-bab0-de265422084c.zip?GoogleAccessId=service-636756607685@gcf-admin-robot.iam.gserviceaccount.com&Expires=1774122912&Signature=D2JC2YoKdKlKpCzciAiOWMDLqaYyAUiPIvsWLoG%2F2k%2FtL0xTbAsKu9ghb4Et3DUWGVinVJ%2FhcT51FD0nKKtT%2F9PZD8EtHmPrDAjmogxAk3WyxdFFMr67JbWrANkN4IdXaRWiduF2WkcDsIDvXYHSmgE8Jjfvgs%2FLjk8El92re6L8wQ7KcUoKSXmxoNptM8ttJNwUndPOAPTPOcjPEhImuSav1mtpviGNA7SZukO13cBJG5ga6%2BdD%2FOXK0so0UsJKqfDmv9%2BZM5VaPHg1L2Dae%2FGOVeP%2BMXFkEG3gYRTE2354erUY6FHlEOk7%2FpkWnVUkT8PpUxu1Vti03pCb3KrVNA%3D%3D","environmentVariables":{"FIREBASE_CONFIG":"{\"projectId\":\"great-wave-everywhere\",\"storageBucket\":\"great-wave-everywhere.firebasestorage.app\"}","GCLOUD_PROJECT":"great-wave-everywhere","EVENTARC_CLOUD_EVENT_SOURCE":"projects/great-wave-everywhere/locations/us-central1/functions/geolocate"},"runtime":"nodejs20","buildId":"5a8d7870-359d-4103-ab01-a7b5bd3065fa","buildEnvironmentVariables":{"GOOGLE_NODE_RUN_SCRIPTS":""},"buildName":"projects/636756607685/locations/us-central1/builds/5a8d7870-359d-4103-ab01-a7b5bd3065fa","dockerRegistry":"ARTIFACT_REGISTRY","automaticUpdatePolicy":{},"buildServiceAccount":"projects/great-wave-everywhere/serviceAccounts/636756607685-compute@developer.gserviceaccount.com"},"versionId":"11","updateTime":"2026-03-21T19:25:13Z","buildId":"da7dd5b2-e8a7-4b91-b330-7d019e4dce25","buildName":"projects/636756607685/locations/us-central1/builds/da7dd5b2-e8a7-4b91-b330-7d019e4dce25"}}
[debug] [2026-03-21T19:25:14.239Z] <<< [apiv2][status] GET https://cloudfunctions.googleapis.com/v1/operations/Z3JlYXQtd2F2ZS1ldmVyeXdoZXJlL3VzLWNlbnRyYWwxL3NlYXJjaEltYWdlc011bHRpbGFuZy9YQUJQVzV4Z0M3WQ 200
[debug] [2026-03-21T19:25:14.239Z] <<< [apiv2][body] GET https://cloudfunctions.googleapis.com/v1/operations/Z3JlYXQtd2F2ZS1ldmVyeXdoZXJlL3VzLWNlbnRyYWwxL3NlYXJjaEltYWdlc011bHRpbGFuZy9YQUJQVzV4Z0M3WQ {"name":"operations/Z3JlYXQtd2F2ZS1ldmVyeXdoZXJlL3VzLWNlbnRyYWwxL3NlYXJjaEltYWdlc011bHRpbGFuZy9YQUJQVzV4Z0M3WQ","metadata":{"@type":"type.googleapis.com/google.cloud.functions.v1.OperationMetadataV1","target":"projects/great-wave-everywhere/locations/us-central1/functions/searchImagesMultilang","type":"UPDATE_FUNCTION","request":{"@type":"type.googleapis.com/google.cloud.functions.v1.CloudFunction","name":"projects/great-wave-everywhere/locations/us-central1/functions/searchImagesMultilang","httpsTrigger":{"url":"https://us-central1-great-wave-everywhere.cloudfunctions.net/searchImagesMultilang","securityLevel":"SECURE_ALWAYS"},"status":"ACTIVE","entryPoint":"searchImagesMultilang","timeout":"60s","availableMemoryMb":512,"updateTime":"2026-03-21T19:22:09.495Z","versionId":"10","labels":{"deployment-tool":"cli-firebase","firebase-functions-hash":"4682851879e7edbf071f8c471449ce94f9c03505"},"sourceUploadUrl":"https://storage.googleapis.com/uploads-709025335147.us-central1.cloudfunctions.appspot.com/3ef3c523-f1fc-476c-bab0-de265422084c.zip?GoogleAccessId=service-636756607685@gcf-admin-robot.iam.gserviceaccount.com&Expires=1774122912&Signature=D2JC2YoKdKlKpCzciAiOWMDLqaYyAUiPIvsWLoG%2F2k%2FtL0xTbAsKu9ghb4Et3DUWGVinVJ%2FhcT51FD0nKKtT%2F9PZD8EtHmPrDAjmogxAk3WyxdFFMr67JbWrANkN4IdXaRWiduF2WkcDsIDvXYHSmgE8Jjfvgs%2FLjk8El92re6L8wQ7KcUoKSXmxoNptM8ttJNwUndPOAPTPOcjPEhImuSav1mtpviGNA7SZukO13cBJG5ga6%2BdD%2FOXK0so0UsJKqfDmv9%2BZM5VaPHg1L2Dae%2FGOVeP%2BMXFkEG3gYRTE2354erUY6FHlEOk7%2FpkWnVUkT8PpUxu1Vti03pCb3KrVNA%3D%3D","environmentVariables":{"FIREBASE_CONFIG":"{\"projectId\":\"great-wave-everywhere\",\"storageBucket\":\"great-wave-everywhere.firebasestorage.app\"}","GCLOUD_PROJECT":"great-wave-everywhere","EVENTARC_CLOUD_EVENT_SOURCE":"projects/great-wave-everywhere/locations/us-central1/functions/searchImagesMultilang"},"runtime":"nodejs20","buildId":"33f3f3d7-c881-4668-a0e9-a3c009b0862a","buildEnvironmentVariables":{"GOOGLE_NODE_RUN_SCRIPTS":""},"secretEnvironmentVariables":[{"key":"GOOGLE_API_KEY","projectId":"great-wave-everywhere","secret":"GOOGLE_API_KEY","version":"1"},{"key":"GOOGLE_CX","projectId":"great-wave-everywhere","secret":"GOOGLE_CX","version":"1"}],"buildName":"projects/636756607685/locations/us-central1/builds/33f3f3d7-c881-4668-a0e9-a3c009b0862a","dockerRegistry":"ARTIFACT_REGISTRY","automaticUpdatePolicy":{},"buildServiceAccount":"projects/great-wave-everywhere/serviceAccounts/636756607685-compute@developer.gserviceaccount.com"},"versionId":"11","updateTime":"2026-03-21T19:25:13Z"}}
[debug] [2026-03-21T19:25:15.206Z] [update-default-us-central1-geolocate] Retrying task index 0
[debug] [2026-03-21T19:25:15.207Z] Checked if tokens are valid: true, expires at: 1774123308845
[debug] [2026-03-21T19:25:15.207Z] Checked if tokens are valid: true, expires at: 1774123308845
[debug] [2026-03-21T19:25:15.207Z] >>> [apiv2][query] GET https://cloudfunctions.googleapis.com/v1/operations/Z3JlYXQtd2F2ZS1ldmVyeXdoZXJlL3VzLWNlbnRyYWwxL2dlb2xvY2F0ZS85dVhqaXFmRVJXdw [none]
[debug] [2026-03-21T19:25:15.241Z] [update-default-us-central1-searchImagesMultilang] Retrying task index 0
[debug] [2026-03-21T19:25:15.242Z] Checked if tokens are valid: true, expires at: 1774123308845
[debug] [2026-03-21T19:25:15.242Z] Checked if tokens are valid: true, expires at: 1774123308845
[debug] [2026-03-21T19:25:15.242Z] >>> [apiv2][query] GET https://cloudfunctions.googleapis.com/v1/operations/Z3JlYXQtd2F2ZS1ldmVyeXdoZXJlL3VzLWNlbnRyYWwxL3NlYXJjaEltYWdlc011bHRpbGFuZy9YQUJQVzV4Z0M3WQ [none]
[debug] [2026-03-21T19:25:15.336Z] <<< [apiv2][status] GET https://cloudfunctions.googleapis.com/v1/operations/Z3JlYXQtd2F2ZS1ldmVyeXdoZXJlL3VzLWNlbnRyYWwxL2dlb2xvY2F0ZS85dVhqaXFmRVJXdw 200
[debug] [2026-03-21T19:25:15.336Z] <<< [apiv2][body] GET https://cloudfunctions.googleapis.com/v1/operations/Z3JlYXQtd2F2ZS1ldmVyeXdoZXJlL3VzLWNlbnRyYWwxL2dlb2xvY2F0ZS85dVhqaXFmRVJXdw {"name":"operations/Z3JlYXQtd2F2ZS1ldmVyeXdoZXJlL3VzLWNlbnRyYWwxL2dlb2xvY2F0ZS85dVhqaXFmRVJXdw","metadata":{"@type":"type.googleapis.com/google.cloud.functions.v1.OperationMetadataV1","target":"projects/great-wave-everywhere/locations/us-central1/functions/geolocate","type":"UPDATE_FUNCTION","request":{"@type":"type.googleapis.com/google.cloud.functions.v1.CloudFunction","name":"projects/great-wave-everywhere/locations/us-central1/functions/geolocate","httpsTrigger":{"url":"https://us-central1-great-wave-everywhere.cloudfunctions.net/geolocate","securityLevel":"SECURE_ALWAYS"},"status":"ACTIVE","entryPoint":"geolocate","updateTime":"2026-03-21T19:22:37.592Z","versionId":"10","labels":{"deployment-tool":"cli-firebase","firebase-functions-hash":"3fdcd0b776e0ca9af66b51e1e1247eaa123bdf9b"},"sourceUploadUrl":"https://storage.googleapis.com/uploads-709025335147.us-central1.cloudfunctions.appspot.com/3ef3c523-f1fc-476c-bab0-de265422084c.zip?GoogleAccessId=service-636756607685@gcf-admin-robot.iam.gserviceaccount.com&Expires=1774122912&Signature=D2JC2YoKdKlKpCzciAiOWMDLqaYyAUiPIvsWLoG%2F2k%2FtL0xTbAsKu9ghb4Et3DUWGVinVJ%2FhcT51FD0nKKtT%2F9PZD8EtHmPrDAjmogxAk3WyxdFFMr67JbWrANkN4IdXaRWiduF2WkcDsIDvXYHSmgE8Jjfvgs%2FLjk8El92re6L8wQ7KcUoKSXmxoNptM8ttJNwUndPOAPTPOcjPEhImuSav1mtpviGNA7SZukO13cBJG5ga6%2BdD%2FOXK0so0UsJKqfDmv9%2BZM5VaPHg1L2Dae%2FGOVeP%2BMXFkEG3gYRTE2354erUY6FHlEOk7%2FpkWnVUkT8PpUxu1Vti03pCb3KrVNA%3D%3D","environmentVariables":{"FIREBASE_CONFIG":"{\"projectId\":\"great-wave-everywhere\",\"storageBucket\":\"great-wave-everywhere.firebasestorage.app\"}","GCLOUD_PROJECT":"great-wave-everywhere","EVENTARC_CLOUD_EVENT_SOURCE":"projects/great-wave-everywhere/locations/us-central1/functions/geolocate"},"runtime":"nodejs20","buildId":"5a8d7870-359d-4103-ab01-a7b5bd3065fa","buildEnvironmentVariables":{"GOOGLE_NODE_RUN_SCRIPTS":""},"buildName":"projects/636756607685/locations/us-central1/builds/5a8d7870-359d-4103-ab01-a7b5bd3065fa","dockerRegistry":"ARTIFACT_REGISTRY","automaticUpdatePolicy":{},"buildServiceAccount":"projects/great-wave-everywhere/serviceAccounts/636756607685-compute@developer.gserviceaccount.com"},"versionId":"11","updateTime":"2026-03-21T19:25:13Z","buildId":"da7dd5b2-e8a7-4b91-b330-7d019e4dce25","buildName":"projects/636756607685/locations/us-central1/builds/da7dd5b2-e8a7-4b91-b330-7d019e4dce25"}}
[debug] [2026-03-21T19:25:15.345Z] <<< [apiv2][status] GET https://cloudfunctions.googleapis.com/v1/operations/Z3JlYXQtd2F2ZS1ldmVyeXdoZXJlL3VzLWNlbnRyYWwxL3NlYXJjaEltYWdlc011bHRpbGFuZy9YQUJQVzV4Z0M3WQ 200
[debug] [2026-03-21T19:25:15.345Z] <<< [apiv2][body] GET https://cloudfunctions.googleapis.com/v1/operations/Z3JlYXQtd2F2ZS1ldmVyeXdoZXJlL3VzLWNlbnRyYWwxL3NlYXJjaEltYWdlc011bHRpbGFuZy9YQUJQVzV4Z0M3WQ {"name":"operations/Z3JlYXQtd2F2ZS1ldmVyeXdoZXJlL3VzLWNlbnRyYWwxL3NlYXJjaEltYWdlc011bHRpbGFuZy9YQUJQVzV4Z0M3WQ","metadata":{"@type":"type.googleapis.com/google.cloud.functions.v1.OperationMetadataV1","target":"projects/great-wave-everywhere/locations/us-central1/functions/searchImagesMultilang","type":"UPDATE_FUNCTION","request":{"@type":"type.googleapis.com/google.cloud.functions.v1.CloudFunction","name":"projects/great-wave-everywhere/locations/us-central1/functions/searchImagesMultilang","httpsTrigger":{"url":"https://us-central1-great-wave-everywhere.cloudfunctions.net/searchImagesMultilang","securityLevel":"SECURE_ALWAYS"},"status":"ACTIVE","entryPoint":"searchImagesMultilang","timeout":"60s","availableMemoryMb":512,"updateTime":"2026-03-21T19:22:09.495Z","versionId":"10","labels":{"deployment-tool":"cli-firebase","firebase-functions-hash":"4682851879e7edbf071f8c471449ce94f9c03505"},"sourceUploadUrl":"https://storage.googleapis.com/uploads-709025335147.us-central1.cloudfunctions.appspot.com/3ef3c523-f1fc-476c-bab0-de265422084c.zip?GoogleAccessId=service-636756607685@gcf-admin-robot.iam.gserviceaccount.com&Expires=1774122912&Signature=D2JC2YoKdKlKpCzciAiOWMDLqaYyAUiPIvsWLoG%2F2k%2FtL0xTbAsKu9ghb4Et3DUWGVinVJ%2FhcT51FD0nKKtT%2F9PZD8EtHmPrDAjmogxAk3WyxdFFMr67JbWrANkN4IdXaRWiduF2WkcDsIDvXYHSmgE8Jjfvgs%2FLjk8El92re6L8wQ7KcUoKSXmxoNptM8ttJNwUndPOAPTPOcjPEhImuSav1mtpviGNA7SZukO13cBJG5ga6%2BdD%2FOXK0so0UsJKqfDmv9%2BZM5VaPHg1L2Dae%2FGOVeP%2BMXFkEG3gYRTE2354erUY6FHlEOk7%2FpkWnVUkT8PpUxu1Vti03pCb3KrVNA%3D%3D","environmentVariables":{"FIREBASE_CONFIG":"{\"projectId\":\"great-wave-everywhere\",\"storageBucket\":\"great-wave-everywhere.firebasestorage.app\"}","GCLOUD_PROJECT":"great-wave-everywhere","EVENTARC_CLOUD_EVENT_SOURCE":"projects/great-wave-everywhere/locations/us-central1/functions/searchImagesMultilang"},"runtime":"nodejs20","buildId":"33f3f3d7-c881-4668-a0e9-a3c009b0862a","buildEnvironmentVariables":{"GOOGLE_NODE_RUN_SCRIPTS":""},"secretEnvironmentVariables":[{"key":"GOOGLE_API_KEY","projectId":"great-wave-everywhere","secret":"GOOGLE_API_KEY","version":"1"},{"key":"GOOGLE_CX","projectId":"great-wave-everywhere","secret":"GOOGLE_CX","version":"1"}],"buildName":"projects/636756607685/locations/us-central1/builds/33f3f3d7-c881-4668-a0e9-a3c009b0862a","dockerRegistry":"ARTIFACT_REGISTRY","automaticUpdatePolicy":{},"buildServiceAccount":"projects/great-wave-everywhere/serviceAccounts/636756607685-compute@developer.gserviceaccount.com"},"versionId":"11","updateTime":"2026-03-21T19:25:13Z","buildId":"b337183d-1065-45a1-a294-12d1233c70a8","buildName":"projects/636756607685/locations/us-central1/builds/b337183d-1065-45a1-a294-12d1233c70a8"}}
